<?xml version="1.0" encoding="UTF-8"?>
<!-- Generated by org.testng.reporters.JUnitXMLReporter -->
<testsuite hostname="DESKTOP-940SP72" ignored="2" name="Default test" tests="1" failures="0" timestamp="20 Nov 2019 15:30:30 GMT" time="60.94" errors="0">
  <testcase name="searchAndSelectFood" time="20.531" classname="com.test.ApplicationTest"/>
  <testcase name="clearSearchBox" time="0.0" classname="com.test.ApplicationTest">
    <ignored/>
  </testcase> <!-- clearSearchBox -->
  <testcase name="searchFood" time="0.0" classname="com.test.ApplicationTest">
    <ignored/>
  </testcase> <!-- searchFood -->
</testsuite> <!-- Default test -->
