<?xml version="1.0" encoding="UTF-8"?>
<!-- Generated by org.testng.reporters.JUnitXMLReporter -->
<testsuite hostname="DESKTOP-940SP72" ignored="2" name="Command line test" tests="1" failures="0" timestamp="10 Nov 2019 07:12:12 GMT" time="21.799" errors="0">
  <testcase name="searchFood" time="0.766" classname="com.test.ApplicationTest"/>
  <testcase name="@BeforeSuite setupSuite" time="0.0" classname="com.test.BaseTest">
    <ignored/>
  </testcase> <!-- @BeforeSuite setupSuite -->
  <testcase name="@BeforeTest setupDriver" time="0.0" classname="com.test.BaseTest">
    <ignored/>
  </testcase> <!-- @BeforeTest setupDriver -->
</testsuite> <!-- Command line test -->
