<?xml version="1.0" encoding="UTF-8"?>
<!-- Generated by org.testng.reporters.JUnitXMLReporter -->
<testsuite hostname="DESKTOP-940SP72" ignored="0" name="App Test" tests="3" failures="0" timestamp="10 Nov 2019 08:32:21 GMT" time="31.408" errors="0">
  <testcase name="clearSearchBox" time="1.485" classname="com.test.ApplicationTest"/>
  <testcase name="searchAndSelectFood" time="0.755" classname="com.test.ApplicationTest"/>
  <testcase name="searchFood" time="0.439" classname="com.test.ApplicationTest"/>
</testsuite> <!-- App Test -->
